#########################################################
# Local Linux Enumeration & Privilege Escalation Script #
#########################################################
# www.rebootuser.com
# version 0.982

[-] Debug Info
[+] Thorough tests = Disabled


Scan started at:
Sat Apr  3 02:02:07 UTC 2021


### SYSTEM ##############################################
[-] Kernel information:
Linux gitlab.example.com 5.4.0-40-generic #44-Ubuntu SMP Tue Jun 23 00:01:04 UTC 2020 x86_64 x86_64 x86_64 GNU/Linux


[-] Kernel information (continued):
Linux version 5.4.0-40-generic (buildd@lcy01-amd64-011) (gcc version 9.3.0 (Ubuntu 9.3.0-10ubuntu2)) #44-Ubuntu SMP Tue Jun 23 00:01:04 UTC 2020


[-] Specific release information:
DISTRIB_ID=Ubuntu
DISTRIB_RELEASE=16.04
DISTRIB_CODENAME=xenial
DISTRIB_DESCRIPTION="Ubuntu 16.04.5 LTS"
NAME="Ubuntu"
VERSION="16.04.5 LTS (Xenial Xerus)"
ID=ubuntu
ID_LIKE=debian
PRETTY_NAME="Ubuntu 16.04.5 LTS"
VERSION_ID="16.04"
HOME_URL="http://www.ubuntu.com/"
SUPPORT_URL="http://help.ubuntu.com/"
BUG_REPORT_URL="http://bugs.launchpad.net/ubuntu/"
VERSION_CODENAME=xenial
UBUNTU_CODENAME=xenial


[-] Hostname:
gitlab.example.com


### USER/GROUP ##########################################
[-] Current user/group info:
uid=998(git) gid=998(git) groups=998(git)


[-] Users that have previously logged onto the system:
Username         Port     From             Latest


[-] Who else is logged on:
 02:02:07 up  2:24,  0 users,  load average: 0.03, 0.04, 0.02
USER     TTY      FROM             LOGIN@   IDLE   JCPU   PCPU WHAT


[-] Group memberships:
uid=0(root) gid=0(root) groups=0(root)
uid=1(daemon) gid=1(daemon) groups=1(daemon)
uid=2(bin) gid=2(bin) groups=2(bin)
uid=3(sys) gid=3(sys) groups=3(sys)
uid=4(sync) gid=65534(nogroup) groups=65534(nogroup)
uid=5(games) gid=60(games) groups=60(games)
uid=6(man) gid=12(man) groups=12(man)
uid=7(lp) gid=7(lp) groups=7(lp)
uid=8(mail) gid=8(mail) groups=8(mail)
uid=9(news) gid=9(news) groups=9(news)
uid=10(uucp) gid=10(uucp) groups=10(uucp)
uid=13(proxy) gid=13(proxy) groups=13(proxy)
uid=33(www-data) gid=33(www-data) groups=33(www-data)
uid=34(backup) gid=34(backup) groups=34(backup)
uid=38(list) gid=38(list) groups=38(list)
uid=39(irc) gid=39(irc) groups=39(irc)
uid=41(gnats) gid=41(gnats) groups=41(gnats)
uid=65534(nobody) gid=65534(nogroup) groups=65534(nogroup)
uid=100(systemd-timesync) gid=102(systemd-timesync) groups=102(systemd-timesync)
uid=101(systemd-network) gid=103(systemd-network) groups=103(systemd-network)
uid=102(systemd-resolve) gid=104(systemd-resolve) groups=104(systemd-resolve)
uid=103(systemd-bus-proxy) gid=105(systemd-bus-proxy) groups=105(systemd-bus-proxy)
uid=104(_apt) gid=65534(nogroup) groups=65534(nogroup)
uid=105(sshd) gid=65534(nogroup) groups=65534(nogroup)
uid=998(git) gid=998(git) groups=998(git)
uid=999(gitlab-www) gid=999(gitlab-www) groups=999(gitlab-www)
uid=997(gitlab-redis) gid=997(gitlab-redis) groups=997(gitlab-redis)
uid=996(gitlab-psql) gid=996(gitlab-psql) groups=996(gitlab-psql)
uid=994(mattermost) gid=994(mattermost) groups=994(mattermost)
uid=993(registry) gid=993(registry) groups=993(registry)
uid=992(gitlab-prometheus) gid=992(gitlab-prometheus) groups=992(gitlab-prometheus)
uid=991(gitlab-consul) gid=991(gitlab-consul) groups=991(gitlab-consul)
uid=1000(dude) gid=1000(dude) groups=1000(dude)


[-] Contents of /etc/passwd:
root:x:0:0:root:/root:/bin/bash
daemon:x:1:1:daemon:/usr/sbin:/usr/sbin/nologin
bin:x:2:2:bin:/bin:/usr/sbin/nologin
sys:x:3:3:sys:/dev:/usr/sbin/nologin
sync:x:4:65534:sync:/bin:/bin/sync
games:x:5:60:games:/usr/games:/usr/sbin/nologin
man:x:6:12:man:/var/cache/man:/usr/sbin/nologin
lp:x:7:7:lp:/var/spool/lpd:/usr/sbin/nologin
mail:x:8:8:mail:/var/mail:/usr/sbin/nologin
news:x:9:9:news:/var/spool/news:/usr/sbin/nologin
uucp:x:10:10:uucp:/var/spool/uucp:/usr/sbin/nologin
proxy:x:13:13:proxy:/bin:/usr/sbin/nologin
www-data:x:33:33:www-data:/var/www:/usr/sbin/nologin
backup:x:34:34:backup:/var/backups:/usr/sbin/nologin
list:x:38:38:Mailing List Manager:/var/list:/usr/sbin/nologin
irc:x:39:39:ircd:/var/run/ircd:/usr/sbin/nologin
gnats:x:41:41:Gnats Bug-Reporting System (admin):/var/lib/gnats:/usr/sbin/nologin
nobody:x:65534:65534:nobody:/nonexistent:/usr/sbin/nologin
systemd-timesync:x:100:102:systemd Time Synchronization,,,:/run/systemd:/bin/false
systemd-network:x:101:103:systemd Network Management,,,:/run/systemd/netif:/bin/false
systemd-resolve:x:102:104:systemd Resolver,,,:/run/systemd/resolve:/bin/false
systemd-bus-proxy:x:103:105:systemd Bus Proxy,,,:/run/systemd:/bin/false
_apt:x:104:65534::/nonexistent:/bin/false
sshd:x:105:65534::/var/run/sshd:/usr/sbin/nologin
git:x:998:998::/var/opt/gitlab:/bin/sh
gitlab-www:x:999:999::/var/opt/gitlab/nginx:/bin/false
gitlab-redis:x:997:997::/var/opt/gitlab/redis:/bin/false
gitlab-psql:x:996:996::/var/opt/gitlab/postgresql:/bin/sh
mattermost:x:994:994::/var/opt/gitlab/mattermost:/bin/sh
registry:x:993:993::/var/opt/gitlab/registry:/bin/sh
gitlab-prometheus:x:992:992::/var/opt/gitlab/prometheus:/bin/sh
gitlab-consul:x:991:991::/var/opt/gitlab/consul:/bin/sh
dude:x:1000:1000::/home/dude:/bin/bash


[-] Super user account(s):
root


[-] Are permissions on /home directories lax:
total 12K
drwxr-xr-x 1 root root 4.0K Dec  2 10:45 .
drwxr-xr-x 1 root root 4.0K Dec  1 12:41 ..
drwxr-xr-x 2 dude dude 4.0K Dec  7 16:58 dude


### ENVIRONMENTAL #######################################
[-] Environment information:
ICU_DATA=/opt/gitlab/embedded/share/icu/current
BUNDLER_ORIG_PATH=/opt/gitlab/bin:/opt/gitlab/embedded/bin:/bin:/usr/bin
MANPATH=/opt/gitlab/embedded/lib/ruby/gems/2.4.0/gems/unicorn-5.1.0/man
GEM_HOME=/opt/gitlab/embedded/lib/ruby/gems/2.4.0
TERM=screen
prometheus_multiproc_dir=/dev/shm/gitlab/sidekiq
BUNDLER_ORIG_MANPATH=BUNDLER_ENVIRONMENT_PRESERVER_INTENTIONALLY_NIL
BUNDLER_ORIG_GEM_HOME=BUNDLER_ENVIRONMENT_PRESERVER_INTENTIONALLY_NIL
LD_PRELOAD=/opt/gitlab/embedded/lib/libjemalloc.so
BUNDLER_ORIG_BUNDLER_VERSION=BUNDLER_ENVIRONMENT_PRESERVER_INTENTIONALLY_NIL
GIT_TERMINAL_PROMPT=0
BUNDLER_ORIG_BUNDLER_ORIG_MANPATH=BUNDLER_ENVIRONMENT_PRESERVER_INTENTIONALLY_NIL
RACK_ENV=production
prometheus_run_dir=/dev/shm/gitlab/sidekiq
BUNDLER_ORIG_RUBYLIB=BUNDLER_ENVIRONMENT_PRESERVER_INTENTIONALLY_NIL
BUNDLER_ORIG_RUBYOPT=BUNDLER_ENVIRONMENT_PRESERVER_INTENTIONALLY_NIL
PATH=/opt/gitlab/embedded/lib/ruby/gems/2.4.0/bin:/opt/gitlab/bin:/opt/gitlab/embedded/bin:/bin:/usr/bin
GID=998
PWD=/dev/shm
BUNDLER_ORIG_GEM_PATH=BUNDLER_ENVIRONMENT_PRESERVER_INTENTIONALLY_NIL
GITLAB_PATH_OUTSIDE_HOOK=/opt/gitlab/embedded/lib/ruby/gems/2.4.0/bin:/opt/gitlab/bin:/opt/gitlab/embedded/bin:/bin:/usr/bin
TZ=:/etc/localtime
EXECJS_RUNTIME=Disabled
HOME=/var/opt/gitlab
SHLVL=4
BUNDLE_GEMFILE=/opt/gitlab/embedded/service/gitlab-rails/Gemfile
RAILS_ENV=production
PYTHONPATH=/opt/gitlab/embedded/lib/python3.4/site-packages
BUNDLER_ORIG_BUNDLE_GEMFILE=/opt/gitlab/embedded/service/gitlab-rails/Gemfile
GEM_PATH=/opt/gitlab/embedded/lib/ruby/gems/2.4.0:/var/opt/gitlab/.gem/ruby/2.4.0
UID=998
SIDEKIQ_MEMORY_KILLER_MAX_RSS=2000000
BUNDLER_ORIG_BUNDLE_BIN_PATH=BUNDLER_ENVIRONMENT_PRESERVER_INTENTIONALLY_NIL
RUBYOPT=-rbundler/setup
BUNDLE_BIN_PATH=/opt/gitlab/embedded/lib/ruby/gems/2.4.0/gems/bundler-1.16.2/exe/bundle
BUNDLER_ORIG_RB_USER_INSTALL=BUNDLER_ENVIRONMENT_PRESERVER_INTENTIONALLY_NIL
RUBYLIB=/opt/gitlab/embedded/lib/ruby/gems/2.4.0/gems/bundler-1.16.2/lib
BUNDLER_VERSION=1.16.2
_=/usr/bin/env


ls: cannot access '/opt/gitlab/embedded/lib/ruby/gems/2.4.0/bin': No such file or directory
[-] Path information:
/opt/gitlab/embedded/lib/ruby/gems/2.4.0/bin:/opt/gitlab/bin:/opt/gitlab/embedded/bin:/bin:/usr/bin
drwxr-xr-x 1 root root 4096 Dec  1 15:40 /bin
drwxr-xr-x 2 root root 4096 Nov 20  2018 /opt/gitlab/bin
drwxr-xr-x 1 root root 4096 Dec  1 12:42 /opt/gitlab/embedded/bin
drwxr-xr-x 1 root root 4096 Nov 20  2018 /usr/bin


[-] Available shells:
# /etc/shells: valid login shells
/bin/sh
/bin/dash
/bin/bash
/bin/rbash


[-] Current umask value:
u=rwx,g=rx,o=rx
0022


[-] umask value as specified in /etc/login.defs:
UMASK           022


[-] Password and storage information:
PASS_MAX_DAYS   99999
PASS_MIN_DAYS   0
PASS_WARN_AGE   7
ENCRYPT_METHOD SHA512


### JOBS/TASKS ##########################################
[-] Cron jobs:
/etc/cron.daily:
total 24
drwxr-xr-x 2 root root 4096 Nov 13  2018 .
drwxr-xr-x 1 root root 4096 Dec  2 10:45 ..
-rwxr-xr-x 1 root root 1474 Oct  9  2018 apt-compat
-rwxr-xr-x 1 root root 1597 Nov 26  2015 dpkg
-rwxr-xr-x 1 root root  249 Nov 12  2015 passwd

/etc/cron.weekly:
total 16
drwxr-xr-x 2 root root 4096 Nov 13  2018 .
drwxr-xr-x 1 root root 4096 Dec  2 10:45 ..
-rwxr-xr-x 1 root root   86 Apr 13  2016 fstrim


### NETWORKING  ##########################################
[-] Nameserver(s):
nameserver 127.0.0.11


### SERVICES #############################################
[-] Running processes:
USER         PID %CPU %MEM    VSZ   RSS TTY      STAT START   TIME COMMAND
root           1  0.0  0.0  18044  2736 ?        Ss   Apr02   0:00 /bin/bash /assets/wrapper
root          12  0.0  0.0   4388  1092 ?        S    Apr02   0:00 runsvdir -P /opt/gitlab/service log: ...........................................................................................................................................................................................................................................................................................................................................................................................................
root          19  0.0  0.0   4236   612 ?        Ss   Apr02   0:00 runsv sshd
root          20  0.0  0.0   4380   588 ?        S    Apr02   0:00 svlogd -tt /var/log/gitlab/sshd
root          21  0.0  0.0  65504  2268 ?        S    Apr02   0:00 /usr/sbin/sshd -D -f /assets/sshd_config -e
root         460  0.0  0.0   4236   716 ?        Ss   Apr02   0:00 runsv nginx
root         461  0.0  0.0   4236   760 ?        Ss   Apr02   0:00 runsv gitaly
root         462  0.0  0.0   4236   716 ?        Ss   Apr02   0:00 runsv redis
root         463  0.0  0.0   4236   616 ?        Ss   Apr02   0:00 runsv redis-exporter
root         464  0.0  0.0   4236   628 ?        Ss   Apr02   0:00 runsv postgres-exporter
root         465  0.0  0.0   4236   628 ?        Ss   Apr02   0:00 runsv gitlab-workhorse
root         466  0.0  0.0   4236   632 ?        Ss   Apr02   0:00 runsv sidekiq
root         467  0.0  0.0   4236   612 ?        Ss   Apr02   0:00 runsv node-exporter
root         468  0.0  0.0   4236   620 ?        Ss   Apr02   0:00 runsv postgresql
root         469  0.0  0.0   4236   620 ?        Ss   Apr02   0:00 runsv alertmanager
root         470  0.0  0.0   4236   612 ?        Ss   Apr02   0:00 runsv prometheus
root         471  0.0  0.0   4236   612 ?        Ss   Apr02   0:00 runsv logrotate
root         472  0.0  0.0   4236   768 ?        Ss   Apr02   0:00 runsv unicorn
root         473  0.0  0.0   4236   624 ?        Ss   Apr02   0:00 runsv gitlab-monitor
root         474  0.0  0.0   4380   640 ?        S    Apr02   0:00 svlogd -tt /var/log/gitlab/redis
root         475  0.0  0.0   4380   768 ?        S    Apr02   0:00 svlogd -tt /var/log/gitlab/nginx
gitlab-+     476  0.4  0.1  41644  5720 ?        Ssl  Apr02   0:42 /opt/gitlab/embedded/bin/redis-server 127.0.0.1:6379
root         477  0.0  0.0   4380   744 ?        S    Apr02   0:00 svlogd -tt /var/log/gitlab/gitaly
root         478  0.0  0.1  42808  4720 ?        Ss   Apr02   0:00 nginx: master process /opt/gitlab/embedded/sbin/nginx -p /var/opt/gitlab/nginx
git          479  0.3  0.5 741192 20432 ?        Ssl  Apr02   0:26 /opt/gitlab/embedded/bin/gitaly /var/opt/gitlab/gitaly/config.toml
root         480  0.0  0.0   4380   584 ?        S    Apr02   0:00 svlogd -tt /var/log/gitlab/unicorn
root         481  0.0  0.0   4380   608 ?        S    Apr02   0:00 svlogd -tt /var/log/gitlab/postgresql
root         482  0.0  0.0   4380   600 ?        S    Apr02   0:00 svlogd -tt /var/log/gitlab/gitlab-monitor
gitlab-+     483  0.0  0.4  50080 16572 ?        Ss   Apr02   0:00 /opt/gitlab/embedded/bin/postgres -D /var/opt/gitlab/postgresql/data
git          484  0.0  0.0  18164  2844 ?        Ss   Apr02   0:03 /bin/bash /opt/gitlab/embedded/bin/gitlab-unicorn-wrapper
git          485  0.5  0.8 444948 35416 ?        Ssl  Apr02   0:46 /opt/gitlab/embedded/bin/ruby /opt/gitlab/embedded/bin/gitlab-mon web -c /var/opt/gitlab/gitlab-monitor/gitlab-monitor.yml
root         486  0.0  0.0   4380   612 ?        S    Apr02   0:00 svlogd -tt /var/log/gitlab/gitlab-workhorse
root         490  0.0  0.0   4380   588 ?        S    Apr02   0:00 svlogd -tt /var/log/gitlab/node-exporter
root         492  0.0  0.0   4380   612 ?        S    Apr02   0:00 svlogd -tt /var/log/gitlab/prometheus
gitlab-+     494  0.0  0.2  20108 11808 ?        Ssl  Apr02   0:08 /opt/gitlab/embedded/bin/node_exporter --web.listen-address=localhost:9100 --collector.textfile.directory=/var/opt/gitlab/node-exporter/textfile_collector
root         495  0.0  0.0   4380   744 ?        S    Apr02   0:00 svlogd -tt /var/log/gitlab/postgres-exporter
git          496  0.0  0.3 427428 14180 ?        Ssl  Apr02   0:03 /opt/gitlab/embedded/bin/gitlab-workhorse -listenNetwork unix -listenUmask 0 -listenAddr /var/opt/gitlab/gitlab-workhorse/socket -authBackend http://localhost:8080 -authSocket /var/opt/gitlab/gitlab-rails/sockets/gitlab.socket -documentRoot /opt/gitlab/embedded/service/gitlab-rails/public -pprofListenAddr  -prometheusListenAddr localhost:9229 -secretPath /opt/gitlab/embedded/service/gitlab-rails/.gitlab_workhorse_secret -config config.toml
gitlab-+     498  0.0  0.2 180712 11456 ?        Ssl  Apr02   0:06 /opt/gitlab/embedded/bin/postgres_exporter --web.listen-address=localhost:9187 --extend.query-path=/var/opt/gitlab/postgres-exporter/queries.yaml
gitlab-+     499  3.9  1.8 858348 75436 ?        Ssl  Apr02   5:43 /opt/gitlab/embedded/bin/prometheus --web.listen-address=localhost:9090 --storage.tsdb.path=/var/opt/gitlab/prometheus/data --config.file=/var/opt/gitlab/prometheus/prometheus.yml
root         500  0.0  0.0   4380   608 ?        S    Apr02   0:00 svlogd -tt /var/log/gitlab/sidekiq
root         501  0.0  0.0   4380   600 ?        S    Apr02   0:00 svlogd -tt /var/log/gitlab/redis-exporter
root         502  0.0  0.0   4380   584 ?        S    Apr02   0:00 svlogd -tt /var/log/gitlab/logrotate
root         503  0.0  0.0   4380   600 ?        S    Apr02   0:00 svlogd -tt /var/log/gitlab/alertmanager
git          507  2.7 11.8 954256 476592 ?       Ssl  Apr02   3:57 sidekiq 5.2.1 gitlab-rails [0 of 25 busy]
gitlab-+     508  0.0  0.2 301084  8260 ?        Ssl  Apr02   0:01 /opt/gitlab/embedded/bin/redis_exporter --web.listen-address=localhost:9121 --redis.addr=unix:///var/opt/gitlab/redis/redis.socket
gitlab-+     509  0.0  0.0 425000  3340 ?        Ssl  Apr02   0:05 /opt/gitlab/embedded/bin/alertmanager --web.listen-address=localhost:9093 --storage.path=/var/opt/gitlab/alertmanager/data --config.file=/var/opt/gitlab/alertmanager/alertmanager.yml
gitlab-+     524  0.0  0.0  47060  2780 ?        S    Apr02   0:00 nginx: worker process
gitlab-+     525  0.0  0.0  47060  2692 ?        S    Apr02   0:00 nginx: worker process
gitlab-+     526  0.0  0.0  47060  3168 ?        S    Apr02   0:00 nginx: worker process
gitlab-+     527  0.0  0.0  47060  2696 ?        S    Apr02   0:00 nginx: worker process
gitlab-+     528  0.0  0.0  42808  2196 ?        S    Apr02   0:00 nginx: cache manager process
gitlab-+     588  0.0  0.1  50184  4608 ?        Ss   Apr02   0:00 postgres: checkpointer process
gitlab-+     589  0.0  0.1  50080  4448 ?        Ss   Apr02   0:00 postgres: writer process
gitlab-+     590  0.0  0.0  50080  2452 ?        Ss   Apr02   0:00 postgres: wal writer process
gitlab-+     591  0.0  0.1  50632  6292 ?        Ss   Apr02   0:00 postgres: autovacuum launcher process
gitlab-+     592  0.0  0.0  33004  3260 ?        Ss   Apr02   0:00 postgres: stats collector process
root         594  0.0  0.0  18028  2800 ?        S    Apr02   0:00 /bin/bash /opt/gitlab/bin/gitlab-ctl tail
root         596  0.0  0.5  95904 24096 ?        Sl   Apr02   0:04 /opt/gitlab/embedded/bin/ruby /opt/gitlab/embedded/bin/omnibus-ctl gitlab /opt/gitlab/embedded/service/omnibus-ctl* tail
git          608  0.2  1.6 2361620 65592 ?       Sl   Apr02   0:22 ruby /opt/gitlab/embedded/service/gitaly-ruby/bin/gitaly-ruby 479 /tmp/gitaly-ruby779754475/socket.0
git          612  0.2  1.9 2377920 77320 ?       Sl   Apr02   0:21 ruby /opt/gitlab/embedded/service/gitaly-ruby/bin/gitaly-ruby 479 /tmp/gitaly-ruby779754475/socket.1
root         618  0.0  0.0   4500   792 ?        S    Apr02   0:00 sh -c find -L /var/log/gitlab -type f -not -path '*/sasl/*' | grep -E -v '(config|lock|@|gzip|tgz|gz)' | xargs tail --follow=name --retry
root         621  0.0  0.0   4672  1224 ?        S    Apr02   0:00 xargs tail --follow=name --retry
root         622  0.0  0.0   4404   684 ?        S    Apr02   0:01 tail --follow=name --retry /var/log/gitlab/nginx/current /var/log/gitlab/nginx/error.log /var/log/gitlab/nginx/gitlab_error.log /var/log/gitlab/nginx/gitlab_access.log /var/log/gitlab/nginx/access.log /var/log/gitlab/gitaly/current /var/log/gitlab/gitaly/state /var/log/gitlab/redis/current /var/log/gitlab/redis/state /var/log/gitlab/redis-exporter/current /var/log/gitlab/redis-exporter/state /var/log/gitlab/postgres-exporter/current /var/log/gitlab/postgres-exporter/state /var/log/gitlab/gitlab-shell/gitlab-shell.log /var/log/gitlab/gitlab-workhorse/current /var/log/gitlab/gitlab-workhorse/state /var/log/gitlab/sidekiq/current /var/log/gitlab/sidekiq/state /var/log/gitlab/node-exporter/current /var/log/gitlab/node-exporter/state /var/log/gitlab/postgresql/current /var/log/gitlab/postgresql/state /var/log/gitlab/gitlab-rails/application.log /var/log/gitlab/gitlab-rails/grpc.log /var/log/gitlab/gitlab-rails/sidekiq_exporter.log /var/log/gitlab/gitlab-rails/gitlab-rails-db-migrate-2020-07-08-08-52-42.log /var/log/gitlab/gitlab-rails/api_json.log /var/log/gitlab/gitlab-rails/production_json.log /var/log/gitlab/gitlab-rails/sidekiq.log /var/log/gitlab/gitlab-rails/production.log /var/log/gitlab/gitlab-rails/gitlab-rails-db-migrate-2020-12-04-14-12-34.log /var/log/gitlab/alertmanager/current /var/log/gitlab/alertmanager/state /var/log/gitlab/prometheus/current /var/log/gitlab/prometheus/state /var/log/gitlab/sshd/current /var/log/gitlab/logrotate/current /var/log/gitlab/logrotate/state /var/log/gitlab/unicorn/current /var/log/gitlab/unicorn/state /var/log/gitlab/unicorn/unicorn_stdout.log /var/log/gitlab/unicorn/unicorn_stderr.log /var/log/gitlab/gitlab-monitor/current /var/log/gitlab/gitlab-monitor/state
git          626  1.8  9.9 699008 401016 ?       Sl   Apr02   2:42 unicorn master -D -E production -c /var/opt/gitlab/gitlab-rails/etc/unicorn.rb /opt/gitlab/embedded/service/gitlab-rails/config.ru
gitlab-+     728  0.0  0.3  59116 15932 ?        Ss   Apr02   0:06 postgres: gitlab gitlabhq_production [local] idle
gitlab-+     731  0.0  0.4  58620 16400 ?        Ss   Apr02   0:05 postgres: gitlab-psql postgres [local] idle
gitlab-+     732  0.0  0.3  57772 13276 ?        Ss   Apr02   0:02 postgres: gitlab gitlabhq_production [local] idle
gitlab-+     733  0.0  0.3  58416 14728 ?        Ss   Apr02   0:04 postgres: gitlab gitlabhq_production [local] idle
gitlab-+    1021  0.0  0.3  58340 14504 ?        Ss   Apr02   0:00 postgres: gitlab gitlabhq_production [local] idle
git         1029  0.0  0.0      0     0 ?        Z    Apr02   0:00 [nc] <defunct>
git         1037  0.1 12.4 853024 501168 ?       Sl   Apr02   0:16 unicorn worker[0] -D -E production -c /var/opt/gitlab/gitlab-rails/etc/unicorn.rb /opt/gitlab/embedded/service/gitlab-rails/config.ru
git         1043  0.2 13.1 891936 531240 ?       Sl   Apr02   0:19 unicorn worker[2] -D -E production -c /var/opt/gitlab/gitlab-rails/etc/unicorn.rb /opt/gitlab/embedded/service/gitlab-rails/config.ru
git         1046  0.2 13.3 891936 539764 ?       Sl   Apr02   0:19 unicorn worker[3] -D -E production -c /var/opt/gitlab/gitlab-rails/etc/unicorn.rb /opt/gitlab/embedded/service/gitlab-rails/config.ru
git         1049  0.2 12.7 863232 514176 ?       Sl   Apr02   0:18 unicorn worker[4] -D -E production -c /var/opt/gitlab/gitlab-rails/etc/unicorn.rb /opt/gitlab/embedded/service/gitlab-rails/config.ru
gitlab-+    1064  0.0  0.4  62724 18808 ?        Ss   Apr02   0:00 postgres: gitlab gitlabhq_production [local] idle
gitlab-+    1091  0.0  0.5  64096 20196 ?        Ss   Apr02   0:01 postgres: gitlab gitlabhq_production [local] idle
gitlab-+    1340  0.0  0.4  60668 18684 ?        Ss   Apr02   0:00 postgres: gitlab gitlabhq_production [local] idle
gitlab-+    1411  0.0  0.5  66304 22776 ?        Ss   Apr02   0:00 postgres: gitlab gitlabhq_production [local] idle
gitlab-+    1412  0.0  0.3  59528 15380 ?        Ss   Apr02   0:00 postgres: gitlab gitlabhq_production [local] idle
gitlab-+    3329  0.0  0.3  58644 15244 ?        Ss   00:00   0:00 postgres: gitlab gitlabhq_production [local] idle
gitlab-+    3335  0.0  0.3  59540 15608 ?        Ss   00:00   0:00 postgres: gitlab gitlabhq_production [local] idle
gitlab-+    3347  0.0  0.3  58592 15412 ?        Ss   00:00   0:00 postgres: gitlab gitlabhq_production [local] idle
gitlab-+    3352  0.0  0.3  61752 16036 ?        Ss   00:00   0:00 postgres: gitlab gitlabhq_production [local] idle
gitlab-+    3357  0.0  0.3  58408 14712 ?        Ss   00:00   0:00 postgres: gitlab gitlabhq_production [local] idle
git        13886  0.0  0.0      0     0 ?        Z    01:20   0:00 [nc] <defunct>
git        13930  0.0  0.0  29940  3768 ?        S    01:21   0:00 bash
git        13972  0.0  0.0  29932  3680 ?        S    01:21   0:00 bash
git        13992  0.0  0.0  29932  3612 ?        S    01:21   0:00 bash
git        14098  0.0  0.0      0     0 ?        Z    01:22   0:00 [nc] <defunct>
git        14112  0.0  0.0      0     0 ?        Z    01:22   0:00 [nc] <defunct>
git        14170  0.0  0.1  30180  4100 ?        S    01:22   0:00 bash -i
git        14275  0.0  0.0      0     0 ?        Z    01:23   0:00 [nc] <defunct>
git        14312  0.0  0.0      0     0 ?        Z    01:23   0:00 [nc] <defunct>
git        14545  0.0  0.0      0     0 ?        Z    01:25   0:00 [nc] <defunct>
git        14571  0.0  0.0      0     0 ?        Z    01:25   0:00 [nc] <defunct>
git        15290  0.0  0.0      0     0 ?        Z    01:30   0:00 [nc] <defunct>
git        15325  0.0  0.0      0     0 ?        Z    01:30   0:00 [nc] <defunct>
root       17807  0.0  0.0   4500   700 ?        Ss   01:38   0:00 /bin/sh /opt/gitlab/embedded/bin/gitlab-logrotate-wrapper
root       19891  0.0  0.0   4372   800 ?        S    01:48   0:00 sleep 3000
git        21004  0.3 10.2 719860 411980 ?       Sl   01:57   0:00 unicorn worker[1] -D -E production -c /var/opt/gitlab/gitlab-rails/etc/unicorn.rb /opt/gitlab/embedded/service/gitlab-rails/config.ru
gitlab-+   21137  0.0  0.3  58248 13096 ?        Ss   01:58   0:00 postgres: gitlab gitlabhq_production [local] idle
git        21149  0.0  0.2  44432 10380 ?        S    01:58   0:00 python3 -c import pty;pty.spawn("/bin/bash")
git        21150  0.0  0.1  30168  4096 pts/0    Ss   01:58   0:00 /bin/bash
git        21670  0.0  0.1  30936  4708 pts/0    S+   02:02   0:00 bash linenum.sh
git        21671  0.5  0.0  30980  3968 pts/0    S+   02:02   0:00 bash linenum.sh
git        21672  0.0  0.0  18196  1772 pts/0    S+   02:02   0:00 tee -a
git        21678  0.0  0.0   4372   752 ?        S    02:02   0:00 sleep 1
git        21833  0.0  0.0  30964  3424 pts/0    S+   02:02   0:00 bash linenum.sh
git        21834  0.0  0.0  45808  3684 pts/0    R+   02:02   0:00 ps aux


[-] Process binaries and associated permissions (from above list):
-rwxr-xr-x 1 root root  1037528 May 16  2017 /bin/bash
lrwxrwxrwx 1 root root        4 Feb 17  2016 /bin/sh -> dash
-rwxr-xr-x 1 root root 21391491 Nov 20  2018 /opt/gitlab/embedded/bin/alertmanager
-rwxr-xr-x 1 root root 21770527 Nov 20  2018 /opt/gitlab/embedded/bin/gitaly
-rwxr-xr-x 1 root root 21516818 Nov 20  2018 /opt/gitlab/embedded/bin/gitlab-workhorse
-rwxr-xr-x 1 root root 16201838 Nov 20  2018 /opt/gitlab/embedded/bin/node_exporter
lrwxrwxrwx 1 root root       50 Nov 20  2018 /opt/gitlab/embedded/bin/postgres -> /opt/gitlab/embedded/postgresql/9.6.8/bin/postgres
-rwxr-xr-x 1 root root 13352121 Nov 20  2018 /opt/gitlab/embedded/bin/postgres_exporter
lrwxrwxrwx 1 root root       36 Dec  1 12:42 /opt/gitlab/embedded/bin/prometheus -> /opt/gitlab/embedded/bin/prometheus2
-rwxr-xr-x 1 root root  5229608 Nov 20  2018 /opt/gitlab/embedded/bin/redis-server
-rwxr-xr-x 1 root root 10737741 Nov 20  2018 /opt/gitlab/embedded/bin/redis_exporter
-rwxr-xr-x 1 root root    12336 Nov 20  2018 /opt/gitlab/embedded/bin/ruby
-rwxr-xr-x 1 root root   791024 Nov  5  2018 /usr/sbin/sshd


[-] /etc/init.d/ binary permissions:
total 152
drwxr-xr-x 1 root root 4096 Nov 20  2018 .
drwxr-xr-x 1 root root 4096 Dec  2 10:45 ..
-rw-r--r-- 1 root root  663 Nov 20  2018 .depend.boot
-rw-r--r-- 1 root root  109 Nov 20  2018 .depend.start
-rw-r--r-- 1 root root  205 Nov 20  2018 .depend.stop
-rw-r--r-- 1 root root 2427 Jan 19  2016 README
-rwxr-xr-x 1 root root 1275 Jan 19  2016 bootmisc.sh
-rwxr-xr-x 1 root root 3807 Jan 19  2016 checkfs.sh
-rwxr-xr-x 1 root root 1098 Jan 19  2016 checkroot-bootclean.sh
-rwxr-xr-x 1 root root 9353 Jan 19  2016 checkroot.sh
-rwxr-xr-x 1 root root 1336 Jan 19  2016 halt
-rwxr-xr-x 1 root root 1423 Jan 19  2016 hostname.sh
-rwxr-xr-x 1 root root 3809 Mar 12  2016 hwclock.sh
-rwxr-xr-x 1 root root 1300 Jan 19  2016 killprocs
-rwxr-xr-x 1 root root  703 Jan 19  2016 mountall-bootclean.sh
-rwxr-xr-x 1 root root 2301 Jan 19  2016 mountall.sh
-rwxr-xr-x 1 root root 1461 Jan 19  2016 mountdevsubfs.sh
-rwxr-xr-x 1 root root 1564 Jan 19  2016 mountkernfs.sh
-rwxr-xr-x 1 root root  711 Jan 19  2016 mountnfs-bootclean.sh
-rwxr-xr-x 1 root root 2456 Jan 19  2016 mountnfs.sh
-rwxr-xr-x 1 root root 1581 Oct 16  2015 ondemand
-rwxr-xr-x 1 root root 1192 Sep  6  2015 procps
-rwxr-xr-x 1 root root 6366 Jan 19  2016 rc
-rwxr-xr-x 1 root root  820 Jan 19  2016 rc.local
-rwxr-xr-x 1 root root  117 Jan 19  2016 rcS
-rwxr-xr-x 1 root root  661 Jan 19  2016 reboot
-rwxr-xr-x 1 root root 3927 Jan 19  2016 sendsigs
-rwxr-xr-x 1 root root  597 Jan 19  2016 single
-rw-r--r-- 1 root root 1087 Jan 19  2016 skeleton
-rwxr-xr-x 1 root root 4077 Aug 21  2018 ssh
-rwxr-xr-x 1 root root 2737 Jan 19  2016 umountfs
-rwxr-xr-x 1 root root 2202 Jan 19  2016 umountnfs.sh
-rwxr-xr-x 1 root root 1879 Jan 19  2016 umountroot
-rwxr-xr-x 1 root root 3111 Jan 19  2016 urandom


[-] /etc/init/ config file permissions:
total 48
drwxr-xr-x 1 root root 4096 Nov 20  2018 .
drwxr-xr-x 1 root root 4096 Dec  2 10:45 ..
-rw-r--r-- 1 root root  284 Jul 23  2013 hostname.conf
-rw-r--r-- 1 root root  300 May 21  2014 hostname.sh.conf
-rw-r--r-- 1 root root  561 Mar 14  2016 hwclock-save.conf
-rw-r--r-- 1 root root  674 Mar 14  2016 hwclock.conf
-rw-r--r-- 1 root root  109 Mar 14  2016 hwclock.sh.conf
-rw-r--r-- 1 root root  568 Feb  1  2016 passwd.conf
-rw-r--r-- 1 root root  363 Jun  5  2014 procps-instance.conf
-rw-r--r-- 1 root root  119 Jun  5  2014 procps.conf
-rw-r--r-- 1 root root  641 Aug 21  2018 ssh.conf


[-] /lib/systemd/* config file permissions:
/lib/systemd/:
total 7.8M
drwxr-xr-x 1 root root 4.0K Nov 20  2018 system
drwxr-xr-x 2 root root 4.0K Nov 13  2018 network
drwxr-xr-x 2 root root 4.0K Nov 13  2018 system-generators
drwxr-xr-x 2 root root 4.0K Nov 13  2018 system-preset
-rwxr-xr-x 1 root root 268K Nov  9  2018 systemd-cgroups-agent
-rwxr-xr-x 1 root root  91K Nov  9  2018 systemd-cryptsetup
-rwxr-xr-x 1 root root 301K Nov  9  2018 systemd-fsck
-rwxr-xr-x 1 root root  51K Nov  9  2018 systemd-remount-fs
-rwxr-xr-x 1 root root 276K Nov  9  2018 systemd-update-utmp
-rwxr-xr-x 1 root root  35K Nov  9  2018 systemd-user-sessions
-rwxr-xr-x 1 root root  55K Nov  9  2018 systemd-activate
-rwxr-xr-x 1 root root  47K Nov  9  2018 systemd-binfmt
-rwxr-xr-x 1 root root 352K Nov  9  2018 systemd-bus-proxyd
-rwxr-xr-x 1 root root 276K Nov  9  2018 systemd-initctl
-rwxr-xr-x 1 root root 340K Nov  9  2018 systemd-localed
-rwxr-xr-x 1 root root  51K Nov  9  2018 systemd-modules-load
-rwxr-xr-x 1 root root 836K Nov  9  2018 systemd-networkd
-rwxr-xr-x 1 root root  35K Nov  9  2018 systemd-quotacheck
-rwxr-xr-x 1 root root  35K Nov  9  2018 systemd-random-seed
-rwxr-xr-x 1 root root  91K Nov  9  2018 systemd-rfkill
-rwxr-xr-x 1 root root  71K Nov  9  2018 systemd-sleep
-rwxr-xr-x 1 root root 333K Nov  9  2018 systemd-timedated
-rwxr-xr-x 1 root root 1.6M Nov  9  2018 systemd
-rwxr-xr-x 1 root root  91K Nov  9  2018 systemd-backlight
-rwxr-xr-x 1 root root 103K Nov  9  2018 systemd-bootchart
-rwxr-xr-x 1 root root  75K Nov  9  2018 systemd-fsckd
-rwxr-xr-x 1 root root 332K Nov  9  2018 systemd-hostnamed
-rwxr-xr-x 1 root root 123K Nov  9  2018 systemd-networkd-wait-online
-rwxr-xr-x 1 root root 143K Nov  9  2018 systemd-shutdown
-rwxr-xr-x 1 root root  91K Nov  9  2018 systemd-socket-proxyd
-rwxr-xr-x 1 root root  55K Nov  9  2018 systemd-sysctl
-rwxr-xr-x 1 root root 139K Nov  9  2018 systemd-timesyncd
-rwxr-xr-x 1 root root  15K Nov  9  2018 systemd-ac-power
-rwxr-xr-x 1 root root  31K Nov  9  2018 systemd-hibernate-resume
-rwxr-xr-x 1 root root 319K Nov  9  2018 systemd-journald
-rwxr-xr-x 1 root root 605K Nov  9  2018 systemd-logind
-rwxr-xr-x 1 root root  31K Nov  9  2018 systemd-reply-password
-rwxr-xr-x 1 root root 657K Nov  9  2018 systemd-resolved
-rwxr-xr-x 1 root root 1.3K Nov  8  2018 systemd-sysv-install
drwxr-xr-x 2 root root 4.0K Apr 12  2016 system-shutdown
drwxr-xr-x 2 root root 4.0K Apr 12  2016 system-sleep

/lib/systemd/system:
total 648K
drwxr-xr-x 2 root root 4.0K Nov 13  2018 busnames.target.wants
drwxr-xr-x 2 root root 4.0K Nov 13  2018 getty.target.wants
drwxr-xr-x 2 root root 4.0K Nov 13  2018 graphical.target.wants
drwxr-xr-x 2 root root 4.0K Nov 13  2018 local-fs.target.wants
drwxr-xr-x 2 root root 4.0K Nov 13  2018 multi-user.target.wants
drwxr-xr-x 2 root root 4.0K Nov 13  2018 poweroff.target.wants
drwxr-xr-x 2 root root 4.0K Nov 13  2018 rc-local.service.d
drwxr-xr-x 2 root root 4.0K Nov 13  2018 reboot.target.wants
drwxr-xr-x 2 root root 4.0K Nov 13  2018 rescue.target.wants
drwxr-xr-x 2 root root 4.0K Nov 13  2018 resolvconf.service.wants
drwxr-xr-x 2 root root 4.0K Nov 13  2018 sigpwr.target.wants
drwxr-xr-x 2 root root 4.0K Nov 13  2018 sockets.target.wants
drwxr-xr-x 2 root root 4.0K Nov 13  2018 sysinit.target.wants
drwxr-xr-x 2 root root 4.0K Nov 13  2018 systemd-resolved.service.d
drwxr-xr-x 2 root root 4.0K Nov 13  2018 systemd-timesyncd.service.d
drwxr-xr-x 2 root root 4.0K Nov 13  2018 timers.target.wants
lrwxrwxrwx 1 root root   14 Nov  9  2018 autovt@.service -> getty@.service
lrwxrwxrwx 1 root root    9 Nov  9  2018 bootlogd.service -> /dev/null
lrwxrwxrwx 1 root root    9 Nov  9  2018 bootlogs.service -> /dev/null
lrwxrwxrwx 1 root root    9 Nov  9  2018 bootmisc.service -> /dev/null
lrwxrwxrwx 1 root root    9 Nov  9  2018 checkfs.service -> /dev/null
lrwxrwxrwx 1 root root    9 Nov  9  2018 checkroot-bootclean.service -> /dev/null
lrwxrwxrwx 1 root root    9 Nov  9  2018 checkroot.service -> /dev/null
lrwxrwxrwx 1 root root    9 Nov  9  2018 cryptdisks-early.service -> /dev/null
lrwxrwxrwx 1 root root    9 Nov  9  2018 cryptdisks.service -> /dev/null
lrwxrwxrwx 1 root root   13 Nov  9  2018 ctrl-alt-del.target -> reboot.target
lrwxrwxrwx 1 root root   25 Nov  9  2018 dbus-org.freedesktop.hostname1.service -> systemd-hostnamed.service
lrwxrwxrwx 1 root root   23 Nov  9  2018 dbus-org.freedesktop.locale1.service -> systemd-localed.service
lrwxrwxrwx 1 root root   22 Nov  9  2018 dbus-org.freedesktop.login1.service -> systemd-logind.service
lrwxrwxrwx 1 root root   24 Nov  9  2018 dbus-org.freedesktop.network1.service -> systemd-networkd.service
lrwxrwxrwx 1 root root   24 Nov  9  2018 dbus-org.freedesktop.resolve1.service -> systemd-resolved.service
lrwxrwxrwx 1 root root   25 Nov  9  2018 dbus-org.freedesktop.timedate1.service -> systemd-timedated.service
lrwxrwxrwx 1 root root   16 Nov  9  2018 default.target -> graphical.target
lrwxrwxrwx 1 root root    9 Nov  9  2018 fuse.service -> /dev/null
lrwxrwxrwx 1 root root    9 Nov  9  2018 halt.service -> /dev/null
lrwxrwxrwx 1 root root    9 Nov  9  2018 hostname.service -> /dev/null
lrwxrwxrwx 1 root root    9 Nov  9  2018 hwclock.service -> /dev/null
lrwxrwxrwx 1 root root    9 Nov  9  2018 killprocs.service -> /dev/null
lrwxrwxrwx 1 root root   28 Nov  9  2018 kmod.service -> systemd-modules-load.service
lrwxrwxrwx 1 root root   28 Nov  9  2018 module-init-tools.service -> systemd-modules-load.service
lrwxrwxrwx 1 root root    9 Nov  9  2018 motd.service -> /dev/null
lrwxrwxrwx 1 root root    9 Nov  9  2018 mountall-bootclean.service -> /dev/null
lrwxrwxrwx 1 root root    9 Nov  9  2018 mountall.service -> /dev/null
lrwxrwxrwx 1 root root    9 Nov  9  2018 mountdevsubfs.service -> /dev/null
lrwxrwxrwx 1 root root    9 Nov  9  2018 mountkernfs.service -> /dev/null
lrwxrwxrwx 1 root root    9 Nov  9  2018 mountnfs-bootclean.service -> /dev/null
lrwxrwxrwx 1 root root    9 Nov  9  2018 mountnfs.service -> /dev/null
lrwxrwxrwx 1 root root   22 Nov  9  2018 procps.service -> systemd-sysctl.service
lrwxrwxrwx 1 root root   16 Nov  9  2018 rc.local.service -> rc-local.service
lrwxrwxrwx 1 root root    9 Nov  9  2018 rc.service -> /dev/null
lrwxrwxrwx 1 root root    9 Nov  9  2018 rcS.service -> /dev/null
lrwxrwxrwx 1 root root    9 Nov  9  2018 reboot.service -> /dev/null
lrwxrwxrwx 1 root root    9 Nov  9  2018 rmnologin.service -> /dev/null
lrwxrwxrwx 1 root root   15 Nov  9  2018 runlevel0.target -> poweroff.target
lrwxrwxrwx 1 root root   13 Nov  9  2018 runlevel1.target -> rescue.target
lrwxrwxrwx 1 root root   17 Nov  9  2018 runlevel2.target -> multi-user.target
lrwxrwxrwx 1 root root   17 Nov  9  2018 runlevel3.target -> multi-user.target
lrwxrwxrwx 1 root root   17 Nov  9  2018 runlevel4.target -> multi-user.target
lrwxrwxrwx 1 root root   16 Nov  9  2018 runlevel5.target -> graphical.target
lrwxrwxrwx 1 root root   13 Nov  9  2018 runlevel6.target -> reboot.target
lrwxrwxrwx 1 root root    9 Nov  9  2018 sendsigs.service -> /dev/null
lrwxrwxrwx 1 root root    9 Nov  9  2018 single.service -> /dev/null
lrwxrwxrwx 1 root root    9 Nov  9  2018 stop-bootlogd-single.service -> /dev/null
lrwxrwxrwx 1 root root    9 Nov  9  2018 stop-bootlogd.service -> /dev/null
lrwxrwxrwx 1 root root    9 Nov  9  2018 umountfs.service -> /dev/null
lrwxrwxrwx 1 root root    9 Nov  9  2018 umountnfs.service -> /dev/null
lrwxrwxrwx 1 root root    9 Nov  9  2018 umountroot.service -> /dev/null
lrwxrwxrwx 1 root root   27 Nov  9  2018 urandom.service -> systemd-random-seed.service
lrwxrwxrwx 1 root root    9 Nov  9  2018 x11-common.service -> /dev/null
-rw-r--r-- 1 root root  770 Nov  9  2018 console-getty.service
-rw-r--r-- 1 root root  742 Nov  9  2018 console-shell.service
-rw-r--r-- 1 root root  791 Nov  9  2018 container-getty@.service
-rw-r--r-- 1 root root 1010 Nov  9  2018 debug-shell.service
-rw-r--r-- 1 root root 1009 Nov  9  2018 emergency.service
-rw-r--r-- 1 root root 1.5K Nov  9  2018 getty@.service
-rw-r--r-- 1 root root  630 Nov  9  2018 initrd-cleanup.service
-rw-r--r-- 1 root root  790 Nov  9  2018 initrd-parse-etc.service
-rw-r--r-- 1 root root  640 Nov  9  2018 initrd-switch-root.service
-rw-r--r-- 1 root root  664 Nov  9  2018 initrd-udevadm-cleanup-db.service
-rw-r--r-- 1 root root  677 Nov  9  2018 kmod-static-nodes.service
-rw-r--r-- 1 root root  473 Nov  9  2018 mail-transport-agent.target
-rw-r--r-- 1 root root  568 Nov  9  2018 quotaon.service
-rw-r--r-- 1 root root  612 Nov  9  2018 rc-local.service
-rw-r--r-- 1 root root  978 Nov  9  2018 rescue.service
-rw-r--r-- 1 root root 1.1K Nov  9  2018 serial-getty@.service
-rw-r--r-- 1 root root  653 Nov  9  2018 systemd-ask-password-console.service
-rw-r--r-- 1 root root  681 Nov  9  2018 systemd-ask-password-wall.service
-rw-r--r-- 1 root root  724 Nov  9  2018 systemd-backlight@.service
-rw-r--r-- 1 root root  959 Nov  9  2018 systemd-binfmt.service
-rw-r--r-- 1 root root  650 Nov  9  2018 systemd-bootchart.service
-rw-r--r-- 1 root root 1.0K Nov  9  2018 systemd-bus-proxyd.service
-rw-r--r-- 1 root root  497 Nov  9  2018 systemd-exit.service
-rw-r--r-- 1 root root  674 Nov  9  2018 systemd-fsck-root.service
-rw-r--r-- 1 root root  648 Nov  9  2018 systemd-fsck@.service
-rw-r--r-- 1 root root  551 Nov  9  2018 systemd-fsckd.service
-rw-r--r-- 1 root root  544 Nov  9  2018 systemd-halt.service
-rw-r--r-- 1 root root  631 Nov  9  2018 systemd-hibernate-resume@.service
-rw-r--r-- 1 root root  501 Nov  9  2018 systemd-hibernate.service
-rw-r--r-- 1 root root  710 Nov  9  2018 systemd-hostnamed.service
-rw-r--r-- 1 root root  519 Nov  9  2018 systemd-hybrid-sleep.service
-rw-r--r-- 1 root root  480 Nov  9  2018 systemd-initctl.service
-rw-r--r-- 1 root root  731 Nov  9  2018 systemd-journal-flush.service
-rw-r--r-- 1 root root 1.3K Nov  9  2018 systemd-journald.service
-rw-r--r-- 1 root root  557 Nov  9  2018 systemd-kexec.service
-rw-r--r-- 1 root root  691 Nov  9  2018 systemd-localed.service
-rw-r--r-- 1 root root 1.2K Nov  9  2018 systemd-logind.service
-rw-r--r-- 1 root root  693 Nov  9  2018 systemd-machine-id-commit.service
-rw-r--r-- 1 root root  967 Nov  9  2018 systemd-modules-load.service
-rw-r--r-- 1 root root  685 Nov  9  2018 systemd-networkd-wait-online.service
-rw-r--r-- 1 root root 1.3K Nov  9  2018 systemd-networkd.service
-rw-r--r-- 1 root root  553 Nov  9  2018 systemd-poweroff.service
-rw-r--r-- 1 root root  614 Nov  9  2018 systemd-quotacheck.service
-rw-r--r-- 1 root root  717 Nov  9  2018 systemd-random-seed.service
-rw-r--r-- 1 root root  548 Nov  9  2018 systemd-reboot.service
-rw-r--r-- 1 root root  757 Nov  9  2018 systemd-remount-fs.service
-rw-r--r-- 1 root root  907 Nov  9  2018 systemd-resolved.service
-rw-r--r-- 1 root root  696 Nov  9  2018 systemd-rfkill.service
-rw-r--r-- 1 root root  497 Nov  9  2018 systemd-suspend.service
-rw-r--r-- 1 root root  653 Nov  9  2018 systemd-sysctl.service
-rw-r--r-- 1 root root  655 Nov  9  2018 systemd-timedated.service
-rw-r--r-- 1 root root 1.1K Nov  9  2018 systemd-timesyncd.service
-rw-r--r-- 1 root root  598 Nov  9  2018 systemd-tmpfiles-clean.service
-rw-r--r-- 1 root root  703 Nov  9  2018 systemd-tmpfiles-setup-dev.service
-rw-r--r-- 1 root root  683 Nov  9  2018 systemd-tmpfiles-setup.service
-rw-r--r-- 1 root root  757 Nov  9  2018 systemd-update-utmp-runlevel.service
-rw-r--r-- 1 root root  754 Nov  9  2018 systemd-update-utmp.service
-rw-r--r-- 1 root root  573 Nov  9  2018 systemd-user-sessions.service
-rw-r--r-- 1 root root  528 Nov  9  2018 user@.service
-rw-r--r-- 1 root root  403 Nov  9  2018 -.slice
-rw-r--r-- 1 root root  879 Nov  9  2018 basic.target
-rw-r--r-- 1 root root  379 Nov  9  2018 bluetooth.target
-rw-r--r-- 1 root root  358 Nov  9  2018 busnames.target
-rw-r--r-- 1 root root  394 Nov  9  2018 cryptsetup-pre.target
-rw-r--r-- 1 root root  366 Nov  9  2018 cryptsetup.target
-rw-r--r-- 1 root root  670 Nov  9  2018 dev-hugepages.mount
-rw-r--r-- 1 root root  624 Nov  9  2018 dev-mqueue.mount
-rw-r--r-- 1 root root  431 Nov  9  2018 emergency.target
-rw-r--r-- 1 root root  501 Nov  9  2018 exit.target
-rw-r--r-- 1 root root  440 Nov  9  2018 final.target
-rw-r--r-- 1 root root  460 Nov  9  2018 getty.target
-rw-r--r-- 1 root root  558 Nov  9  2018 graphical.target
-rw-r--r-- 1 root root  487 Nov  9  2018 halt.target
-rw-r--r-- 1 root root  447 Nov  9  2018 hibernate.target
-rw-r--r-- 1 root root  468 Nov  9  2018 hybrid-sleep.target
-rw-r--r-- 1 root root  553 Nov  9  2018 initrd-fs.target
-rw-r--r-- 1 root root  526 Nov  9  2018 initrd-root-fs.target
-rw-r--r-- 1 root root  691 Nov  9  2018 initrd-switch-root.target
-rw-r--r-- 1 root root  671 Nov  9  2018 initrd.target
-rw-r--r-- 1 root root  501 Nov  9  2018 kexec.target
-rw-r--r-- 1 root root  395 Nov  9  2018 local-fs-pre.target
-rw-r--r-- 1 root root  507 Nov  9  2018 local-fs.target
-rw-r--r-- 1 root root  405 Nov  9  2018 machine.slice
-rw-r--r-- 1 root root  492 Nov  9  2018 multi-user.target
-rw-r--r-- 1 root root  464 Nov  9  2018 network-online.target
-rw-r--r-- 1 root root  461 Nov  9  2018 network-pre.target
-rw-r--r-- 1 root root  480 Nov  9  2018 network.target
-rw-r--r-- 1 root root  514 Nov  9  2018 nss-lookup.target
-rw-r--r-- 1 root root  473 Nov  9  2018 nss-user-lookup.target
-rw-r--r-- 1 root root  354 Nov  9  2018 paths.target
-rw-r--r-- 1 root root  552 Nov  9  2018 poweroff.target
-rw-r--r-- 1 root root  377 Nov  9  2018 printer.target
-rw-r--r-- 1 root root  693 Nov  9  2018 proc-sys-fs-binfmt_misc.automount
-rw-r--r-- 1 root root  603 Nov  9  2018 proc-sys-fs-binfmt_misc.mount
-rw-r--r-- 1 root root  543 Nov  9  2018 reboot.target
-rw-r--r-- 1 root root  396 Nov  9  2018 remote-fs-pre.target
-rw-r--r-- 1 root root  482 Nov  9  2018 remote-fs.target
-rw-r--r-- 1 root root  486 Nov  9  2018 rescue.target
-rw-r--r-- 1 root root  500 Nov  9  2018 rpcbind.target
-rw-r--r-- 1 root root  402 Nov  9  2018 shutdown.target
-rw-r--r-- 1 root root  362 Nov  9  2018 sigpwr.target
-rw-r--r-- 1 root root  420 Nov  9  2018 sleep.target
-rw-r--r-- 1 root root  409 Nov  9  2018 slices.target
-rw-r--r-- 1 root root  380 Nov  9  2018 smartcard.target
-rw-r--r-- 1 root root  356 Nov  9  2018 sockets.target
-rw-r--r-- 1 root root  380 Nov  9  2018 sound.target
-rw-r--r-- 1 root root  441 Nov  9  2018 suspend.target
-rw-r--r-- 1 root root  353 Nov  9  2018 swap.target
-rw-r--r-- 1 root root  715 Nov  9  2018 sys-fs-fuse-connections.mount
-rw-r--r-- 1 root root  719 Nov  9  2018 sys-kernel-config.mount
-rw-r--r-- 1 root root  662 Nov  9  2018 sys-kernel-debug.mount
-rw-r--r-- 1 root root  518 Nov  9  2018 sysinit.target
-rw-r--r-- 1 root root 1.3K Nov  9  2018 syslog.socket
-rw-r--r-- 1 root root  585 Nov  9  2018 system-update.target
-rw-r--r-- 1 root root  436 Nov  9  2018 system.slice
-rw-r--r-- 1 root root  646 Nov  9  2018 systemd-ask-password-console.path
-rw-r--r-- 1 root root  574 Nov  9  2018 systemd-ask-password-wall.path
-rw-r--r-- 1 root root  409 Nov  9  2018 systemd-bus-proxyd.socket
-rw-r--r-- 1 root root  540 Nov  9  2018 systemd-fsckd.socket
-rw-r--r-- 1 root root  524 Nov  9  2018 systemd-initctl.socket
-rw-r--r-- 1 root root  607 Nov  9  2018 systemd-journald-audit.socket
-rw-r--r-- 1 root root 1.1K Nov  9  2018 systemd-journald-dev-log.socket
-rw-r--r-- 1 root root  842 Nov  9  2018 systemd-journald.socket
-rw-r--r-- 1 root root  591 Nov  9  2018 systemd-networkd.socket
-rw-r--r-- 1 root root  617 Nov  9  2018 systemd-rfkill.socket
-rw-r--r-- 1 root root  450 Nov  9  2018 systemd-tmpfiles-clean.timer
-rw-r--r-- 1 root root  395 Nov  9  2018 time-sync.target
-rw-r--r-- 1 root root  405 Nov  9  2018 timers.target
-rw-r--r-- 1 root root  417 Nov  9  2018 umount.target
-rw-r--r-- 1 root root  392 Nov  9  2018 user.slice
-rw-r--r-- 1 root root  342 Nov  8  2018 getty-static.service
-rw-r--r-- 1 root root  153 Nov  8  2018 sigpwr-container-shutdown.service
-rw-r--r-- 1 root root  175 Nov  8  2018 systemd-networkd-resolvconf-update.path
-rw-r--r-- 1 root root  715 Nov  8  2018 systemd-networkd-resolvconf-update.service
-rw-r--r-- 1 root root  238 Oct  9  2018 apt-daily-upgrade.service
-rw-r--r-- 1 root root  184 Oct  9  2018 apt-daily-upgrade.timer
-rw-r--r-- 1 root root  225 Oct  9  2018 apt-daily.service
-rw-r--r-- 1 root root  156 Oct  9  2018 apt-daily.timer
-rw-r--r-- 1 root root  445 Aug 21  2018 ssh.service
-rw-r--r-- 1 root root  216 Aug 21  2018 ssh.socket
-rw-r--r-- 1 root root  196 Aug 21  2018 ssh@.service
drwxr-xr-x 2 root root 4.0K Apr 12  2016 runlevel1.target.wants
drwxr-xr-x 2 root root 4.0K Apr 12  2016 runlevel2.target.wants
drwxr-xr-x 2 root root 4.0K Apr 12  2016 runlevel3.target.wants
drwxr-xr-x 2 root root 4.0K Apr 12  2016 runlevel4.target.wants
drwxr-xr-x 2 root root 4.0K Apr 12  2016 runlevel5.target.wants

/lib/systemd/system/busnames.target.wants:
total 0

/lib/systemd/system/getty.target.wants:
total 0
lrwxrwxrwx 1 root root 23 Nov  9  2018 getty-static.service -> ../getty-static.service

/lib/systemd/system/graphical.target.wants:
total 0
lrwxrwxrwx 1 root root 39 Nov  9  2018 systemd-update-utmp-runlevel.service -> ../systemd-update-utmp-runlevel.service

/lib/systemd/system/local-fs.target.wants:
total 0
lrwxrwxrwx 1 root root 29 Nov  9  2018 systemd-remount-fs.service -> ../systemd-remount-fs.service

/lib/systemd/system/multi-user.target.wants:
total 0
lrwxrwxrwx 1 root root 15 Nov  9  2018 getty.target -> ../getty.target
lrwxrwxrwx 1 root root 33 Nov  9  2018 systemd-ask-password-wall.path -> ../systemd-ask-password-wall.path
lrwxrwxrwx 1 root root 25 Nov  9  2018 systemd-logind.service -> ../systemd-logind.service
lrwxrwxrwx 1 root root 39 Nov  9  2018 systemd-update-utmp-runlevel.service -> ../systemd-update-utmp-runlevel.service
lrwxrwxrwx 1 root root 32 Nov  9  2018 systemd-user-sessions.service -> ../systemd-user-sessions.service

/lib/systemd/system/poweroff.target.wants:
total 0
lrwxrwxrwx 1 root root 39 Nov  9  2018 systemd-update-utmp-runlevel.service -> ../systemd-update-utmp-runlevel.service

/lib/systemd/system/rc-local.service.d:
total 4.0K
-rw-r--r-- 1 root root 290 Nov  8  2018 debian.conf

/lib/systemd/system/reboot.target.wants:
total 0
lrwxrwxrwx 1 root root 39 Nov  9  2018 systemd-update-utmp-runlevel.service -> ../systemd-update-utmp-runlevel.service

/lib/systemd/system/rescue.target.wants:
total 0
lrwxrwxrwx 1 root root 39 Nov  9  2018 systemd-update-utmp-runlevel.service -> ../systemd-update-utmp-runlevel.service

/lib/systemd/system/resolvconf.service.wants:
total 0
lrwxrwxrwx 1 root root 42 Nov  9  2018 systemd-networkd-resolvconf-update.path -> ../systemd-networkd-resolvconf-update.path

/lib/systemd/system/sigpwr.target.wants:
total 0
lrwxrwxrwx 1 root root 36 Nov  9  2018 sigpwr-container-shutdown.service -> ../sigpwr-container-shutdown.service

/lib/systemd/system/sockets.target.wants:
total 0
lrwxrwxrwx 1 root root 25 Nov  9  2018 systemd-initctl.socket -> ../systemd-initctl.socket
lrwxrwxrwx 1 root root 32 Nov  9  2018 systemd-journald-audit.socket -> ../systemd-journald-audit.socket
lrwxrwxrwx 1 root root 34 Nov  9  2018 systemd-journald-dev-log.socket -> ../systemd-journald-dev-log.socket
lrwxrwxrwx 1 root root 26 Nov  9  2018 systemd-journald.socket -> ../systemd-journald.socket

/lib/systemd/system/sysinit.target.wants:
total 0
lrwxrwxrwx 1 root root 20 Nov  9  2018 cryptsetup.target -> ../cryptsetup.target
lrwxrwxrwx 1 root root 22 Nov  9  2018 dev-hugepages.mount -> ../dev-hugepages.mount
lrwxrwxrwx 1 root root 19 Nov  9  2018 dev-mqueue.mount -> ../dev-mqueue.mount
lrwxrwxrwx 1 root root 28 Nov  9  2018 kmod-static-nodes.service -> ../kmod-static-nodes.service
lrwxrwxrwx 1 root root 36 Nov  9  2018 proc-sys-fs-binfmt_misc.automount -> ../proc-sys-fs-binfmt_misc.automount
lrwxrwxrwx 1 root root 32 Nov  9  2018 sys-fs-fuse-connections.mount -> ../sys-fs-fuse-connections.mount
lrwxrwxrwx 1 root root 26 Nov  9  2018 sys-kernel-config.mount -> ../sys-kernel-config.mount
lrwxrwxrwx 1 root root 25 Nov  9  2018 sys-kernel-debug.mount -> ../sys-kernel-debug.mount
lrwxrwxrwx 1 root root 36 Nov  9  2018 systemd-ask-password-console.path -> ../systemd-ask-password-console.path
lrwxrwxrwx 1 root root 25 Nov  9  2018 systemd-binfmt.service -> ../systemd-binfmt.service
lrwxrwxrwx 1 root root 32 Nov  9  2018 systemd-journal-flush.service -> ../systemd-journal-flush.service
lrwxrwxrwx 1 root root 27 Nov  9  2018 systemd-journald.service -> ../systemd-journald.service
lrwxrwxrwx 1 root root 36 Nov  9  2018 systemd-machine-id-commit.service -> ../systemd-machine-id-commit.service
lrwxrwxrwx 1 root root 31 Nov  9  2018 systemd-modules-load.service -> ../systemd-modules-load.service
lrwxrwxrwx 1 root root 30 Nov  9  2018 systemd-random-seed.service -> ../systemd-random-seed.service
lrwxrwxrwx 1 root root 25 Nov  9  2018 systemd-sysctl.service -> ../systemd-sysctl.service
lrwxrwxrwx 1 root root 37 Nov  9  2018 systemd-tmpfiles-setup-dev.service -> ../systemd-tmpfiles-setup-dev.service
lrwxrwxrwx 1 root root 33 Nov  9  2018 systemd-tmpfiles-setup.service -> ../systemd-tmpfiles-setup.service
lrwxrwxrwx 1 root root 30 Nov  9  2018 systemd-update-utmp.service -> ../systemd-update-utmp.service

/lib/systemd/system/systemd-resolved.service.d:
total 4.0K
-rw-r--r-- 1 root root 200 Nov  8  2018 resolvconf.conf

/lib/systemd/system/systemd-timesyncd.service.d:
total 4.0K
-rw-r--r-- 1 root root 251 Nov  8  2018 disable-with-time-daemon.conf

/lib/systemd/system/timers.target.wants:
total 0
lrwxrwxrwx 1 root root 31 Nov  9  2018 systemd-tmpfiles-clean.timer -> ../systemd-tmpfiles-clean.timer

/lib/systemd/system/runlevel1.target.wants:
total 0

/lib/systemd/system/runlevel2.target.wants:
total 0

/lib/systemd/system/runlevel3.target.wants:
total 0

/lib/systemd/system/runlevel4.target.wants:
total 0

/lib/systemd/system/runlevel5.target.wants:
total 0

/lib/systemd/network:
total 8.0K
-rw-r--r-- 1 root root 404 Nov  9  2018 80-container-host0.network
-rw-r--r-- 1 root root 482 Nov  9  2018 80-container-ve.network

/lib/systemd/system-generators:
total 668K
-rwxr-xr-x 1 root root  71K Nov  9  2018 systemd-cryptsetup-generator
-rwxr-xr-x 1 root root  59K Nov  9  2018 systemd-dbus1-generator
-rwxr-xr-x 1 root root  43K Nov  9  2018 systemd-debug-generator
-rwxr-xr-x 1 root root  79K Nov  9  2018 systemd-fstab-generator
-rwxr-xr-x 1 root root  39K Nov  9  2018 systemd-getty-generator
-rwxr-xr-x 1 root root 119K Nov  9  2018 systemd-gpt-auto-generator
-rwxr-xr-x 1 root root  39K Nov  9  2018 systemd-hibernate-resume-generator
-rwxr-xr-x 1 root root  39K Nov  9  2018 systemd-insserv-generator
-rwxr-xr-x 1 root root  35K Nov  9  2018 systemd-rc-local-generator
-rwxr-xr-x 1 root root  31K Nov  9  2018 systemd-system-update-generator
-rwxr-xr-x 1 root root 103K Nov  9  2018 systemd-sysv-generator

/lib/systemd/system-preset:
total 4.0K
-rw-r--r-- 1 root root 869 Nov  9  2018 90-systemd.preset

/lib/systemd/system-shutdown:
total 0

/lib/systemd/system-sleep:
total 0


### SOFTWARE #############################################
[-] Postgres version:
psql (PostgreSQL) 9.6.8


### INTERESTING FILES ####################################
[-] Useful file locations:
/bin/nc
/bin/netcat
/usr/bin/wget
/opt/gitlab/embedded/bin/curl


[-] Can we read/write sensitive files:
-rw-r--r-- 1 root root 1767 Dec  2 10:45 /etc/passwd
-rw-r--r-- 1 root root 736 Dec  2 10:45 /etc/group
-rw-r--r-- 1 root root 575 Oct 22  2015 /etc/profile
-rw-r----- 1 root shadow 1061 Dec  2 10:45 /etc/shadow


[-] SUID files:
-rwsr-xr-x 1 root root 428240 Nov  5  2018 /usr/lib/openssh/ssh-keysign
-rwsr-xr-x 1 root root 75304 May 16  2017 /usr/bin/gpasswd
-rwsr-xr-x 1 root root 54256 May 16  2017 /usr/bin/passwd
-rwsr-xr-x 1 root root 40432 May 16  2017 /usr/bin/chsh
-rwsr-xr-x 1 root root 49584 May 16  2017 /usr/bin/chfn
-rwsr-xr-x 1 root root 39904 May 16  2017 /usr/bin/newgrp
-rwsr-xr-x 1 root root 40152 May 16  2018 /bin/mount
-rwsr-xr-x 1 root root 27608 May 16  2018 /bin/umount
-rwsr-xr-x 1 root root 40128 May 16  2017 /bin/su


[-] SGID files:
-rwxr-sr-x 1 root tty 27368 May 16  2018 /usr/bin/wall
-rwxr-sr-x 1 root shadow 22768 May 16  2017 /usr/bin/expiry
-rwxr-sr-x 1 root shadow 62336 May 16  2017 /usr/bin/chage
-rwxr-sr-x 1 root ssh 358624 Nov  5  2018 /usr/bin/ssh-agent
-rwxr-sr-x 1 root shadow 35632 Apr  9  2018 /sbin/pam_extrausers_chkpwd
-rwxr-sr-x 1 root shadow 35600 Apr  9  2018 /sbin/unix_chkpwd


[-] Can't search *.conf files as no keyword was entered

[-] Can't search *.php files as no keyword was entered

[-] Can't search *.log files as no keyword was entered

[-] Can't search *.ini files as no keyword was entered

[-] All *.conf files in /etc (recursive 1 level):
-rw-r--r-- 1 root root 34 Jan 27  2016 /etc/ld.so.conf
-rw-r--r-- 1 root root 92 Oct 22  2015 /etc/host.conf
-rw-r--r-- 1 root root 604 Jul  2  2015 /etc/deluser.conf
-rw-r--r-- 1 root root 3028 Nov 13  2018 /etc/adduser.conf
-rw-r--r-- 1 root root 497 May  4  2014 /etc/nsswitch.conf
-rw-r--r-- 1 root root 2084 Sep  6  2015 /etc/sysctl.conf
-rw-r--r-- 1 root root 771 Mar  6  2015 /etc/insserv.conf
-rw-r--r-- 1 root root 967 Oct 30  2015 /etc/mke2fs.conf
-rw-r--r-- 1 root root 2584 Feb 18  2016 /etc/gai.conf
-rw-r--r-- 1 root root 552 Mar 16  2016 /etc/pam.conf
-rw-r--r-- 1 root root 38 Apr  2 23:37 /etc/resolv.conf
-rw-r--r-- 1 root root 2969 Nov 10  2015 /etc/debconf.conf
-rw-r--r-- 1 root root 191 Jan 18  2016 /etc/libaudit.conf
-rw-r--r-- 1 root root 6488 Nov 20  2018 /etc/ca-certificates.conf


[-] Location and contents (if accessible) of .bash_history file(s):
/home/dude/.bash_history


[-] Any interesting mail in /var/mail:
total 12
drwxrwsr-x 2 root mail 4096 Nov 13  2018 .
drwxr-xr-x 1 root root 4096 Nov 13  2018 ..


[+] Looks like we're in a Docker container:
12:hugetlb:/docker/7eb263389e5eea068ad3d0c208ea4dd02ba86fa0b2ebd44f63adc391351fba6d
11:devices:/docker/7eb263389e5eea068ad3d0c208ea4dd02ba86fa0b2ebd44f63adc391351fba6d
10:cpuset:/docker/7eb263389e5eea068ad3d0c208ea4dd02ba86fa0b2ebd44f63adc391351fba6d
9:perf_event:/docker/7eb263389e5eea068ad3d0c208ea4dd02ba86fa0b2ebd44f63adc391351fba6d
8:freezer:/docker/7eb263389e5eea068ad3d0c208ea4dd02ba86fa0b2ebd44f63adc391351fba6d
7:memory:/docker/7eb263389e5eea068ad3d0c208ea4dd02ba86fa0b2ebd44f63adc391351fba6d
6:blkio:/docker/7eb263389e5eea068ad3d0c208ea4dd02ba86fa0b2ebd44f63adc391351fba6d
5:cpu,cpuacct:/docker/7eb263389e5eea068ad3d0c208ea4dd02ba86fa0b2ebd44f63adc391351fba6d
3:net_cls,net_prio:/docker/7eb263389e5eea068ad3d0c208ea4dd02ba86fa0b2ebd44f63adc391351fba6d
2:pids:/docker/7eb263389e5eea068ad3d0c208ea4dd02ba86fa0b2ebd44f63adc391351fba6d
1:name=systemd:/docker/7eb263389e5eea068ad3d0c208ea4dd02ba86fa0b2ebd44f63adc391351fba6d
-rwxr-xr-x 1 root root 0 Dec  1 12:41 /.dockerenv


[-] Anything juicy in the Dockerfile:
total 76
-rw-r--r-- 1 root root  410 Nov 20  2018 Binary-alpine.Dockerfile
-rw-r--r-- 1 root root  649 Nov 20  2018 Binary-scratch.Dockerfile
-rw-r--r-- 1 root root  332 Nov 20  2018 Binary.Dockerfile
-rw-r--r-- 1 root root 2377 Nov 20  2018 CONTRIBUTING.md
-rw-r--r-- 1 root root  290 Nov 20  2018 Golang-alpine.Dockerfile
-rw-r--r-- 1 root root  502 Nov 20  2018 Golang-scratch.Dockerfile
-rw-r--r-- 1 root root  205 Nov 20  2018 Golang.Dockerfile
-rw-r--r-- 1 root root   54 Nov 20  2018 HTTPd.Dockerfile
-rw-r--r-- 1 root root 1278 Nov 20  2018 LICENSE
-rw-r--r-- 1 root root  341 Nov 20  2018 Node-alpine.Dockerfile
-rw-r--r-- 1 root root  231 Nov 20  2018 Node.Dockerfile
-rw-r--r-- 1 root root  111 Nov 20  2018 OpenJDK-alpine.Dockerfile
-rw-r--r-- 1 root root  319 Nov 20  2018 OpenJDK.Dockerfile
-rw-r--r-- 1 root root  480 Nov 20  2018 PHP.Dockerfile
-rw-r--r-- 1 root root  443 Nov 20  2018 Python-alpine.Dockerfile
-rw-r--r-- 1 root root  531 Nov 20  2018 Python.Dockerfile
-rw-r--r-- 1 root root  199 Nov 20  2018 Python2.Dockerfile
-rw-r--r-- 1 root root  687 Nov 20  2018 Ruby-alpine.Dockerfile
-rw-r--r-- 1 root root  643 Nov 20  2018 Ruby.Dockerfile
-rw-r--r-- 1 root root 418 Nov 20  2018 /opt/gitlab/embedded/lib/ruby/gems/2.4.0/gems/fog-google-1.7.1/ci/docker-image/Dockerfile
-rw-r--r-- 1 root root 802 Nov 20  2018 /opt/gitlab/embedded/lib/ruby/gems/2.4.0/gems/sidekiq-cron-0.6.0/Dockerfile
-rw-r--r-- 1 root root 412 Nov 20  2018 /opt/gitlab/embedded/lib/ruby/gems/2.4.0/gems/flipper-0.13.0/Dockerfile


[-] Anything juicy in docker-compose.yml:
-rw-r--r-- 1 root root 38 Nov 20  2018 /opt/gitlab/embedded/service/gitlab-rails/docker-compose.yml
-rw-r--r-- 1 root root 430 Nov 20  2018 /opt/gitlab/embedded/lib/ruby/gems/2.4.0/gems/sidekiq-cron-0.6.0/docker-compose.yml
-rw-r--r-- 1 root root 674 Nov 20  2018 /opt/gitlab/embedded/lib/ruby/gems/2.4.0/gems/flipper-0.13.0/docker-compose.yml
-rw-r--r-- 1 root root 872 Dec  7 09:25 /opt/backup/docker-compose.yml


### SCAN COMPLETE ####################################

